<?xml version="1.0" encoding="UTF-8"?>
<testng-results skipped="0" failed="0" total="1" passed="1">
  <reporter-output>
  </reporter-output>
  <suite name="com.TestClass.MyFirstProgramTest" duration-ms="46735" started-at="2019-03-22T19:02:11Z" finished-at="2019-03-22T19:02:58Z">
    <groups>
    </groups>
    <test name="Command line test" duration-ms="46735" started-at="2019-03-22T19:02:11Z" finished-at="2019-03-22T19:02:58Z">
      <class name="com.TestClass.MyFirstProgramTest">
        <test-method status="PASS" signature="TestMethod()[pri:0, instance:com.TestClass.MyFirstProgramTest@34ce8af7]" name="TestMethod" duration-ms="46686" started-at="2019-03-23T00:32:12Z" finished-at="2019-03-23T00:32:58Z">
          <reporter-output>
          </reporter-output>
        </test-method> <!-- TestMethod -->
      </class> <!-- com.TestClass.MyFirstProgramTest -->
    </test> <!-- Command line test -->
  </suite> <!-- com.TestClass.MyFirstProgramTest -->
</testng-results>
