<?xml version="1.0" encoding="UTF-8"?>
<testng-results skipped="0" failed="0" total="2" passed="2">
  <reporter-output>
  </reporter-output>
  <suite name="Command line suite" duration-ms="31643" started-at="2019-03-25T15:12:51Z" finished-at="2019-03-25T15:13:23Z">
    <groups>
    </groups>
    <test name="Command line test" duration-ms="31643" started-at="2019-03-25T15:12:51Z" finished-at="2019-03-25T15:13:23Z">
      <class name="com.TestClass.SecondProgramTest">
        <test-method status="PASS" signature="googleTest()[pri:0, instance:com.TestClass.SecondProgramTest@39ba5a14]" name="googleTest" duration-ms="21539" started-at="2019-03-25T20:42:51Z" finished-at="2019-03-25T20:43:13Z">
          <reporter-output>
          </reporter-output>
        </test-method> <!-- googleTest -->
        <test-method status="PASS" signature="FaceBookTest()[pri:0, instance:com.TestClass.SecondProgramTest@39ba5a14]" name="FaceBookTest" duration-ms="10050" started-at="2019-03-25T20:43:13Z" finished-at="2019-03-25T20:43:23Z">
          <reporter-output>
          </reporter-output>
        </test-method> <!-- FaceBookTest -->
      </class> <!-- com.TestClass.SecondProgramTest -->
    </test> <!-- Command line test -->
  </suite> <!-- Command line suite -->
</testng-results>
