<?xml version="1.0" encoding="UTF-8"?>
<testng-results skipped="0" failed="0" ignored="0" total="2" passed="2">
  <reporter-output>
  </reporter-output>
  <suite name="Default suite" duration-ms="22997" started-at="2019-03-25T15:15:06Z" finished-at="2019-03-25T15:15:29Z">
    <groups>
    </groups>
    <test name="Default test" duration-ms="22997" started-at="2019-03-25T15:15:06Z" finished-at="2019-03-25T15:15:29Z">
      <class name="com.TestClass.SecondProgramTest">
        <test-method status="PASS" signature="googleTest()[pri:1, instance:com.TestClass.SecondProgramTest@26be92ad]" name="googleTest" duration-ms="13265" started-at="2019-03-25T15:15:06Z" finished-at="2019-03-25T15:15:19Z">
          <reporter-output>
          </reporter-output>
        </test-method> <!-- googleTest -->
        <test-method status="PASS" signature="FaceBookTest()[pri:2, instance:com.TestClass.SecondProgramTest@26be92ad]" name="FaceBookTest" duration-ms="9603" started-at="2019-03-25T15:15:19Z" finished-at="2019-03-25T15:15:29Z">
          <reporter-output>
          </reporter-output>
        </test-method> <!-- FaceBookTest -->
      </class> <!-- com.TestClass.SecondProgramTest -->
    </test> <!-- Default test -->
  </suite> <!-- Default suite -->
</testng-results>
