<?xml version="1.0" encoding="UTF-8"?>
<testng-results skipped="0" failed="0" total="1" passed="1">
  <reporter-output>
  </reporter-output>
  <suite name="Default suite" duration-ms="38858" started-at="2019-03-20T17:33:09Z" finished-at="2019-03-20T17:33:48Z">
    <groups>
    </groups>
    <test name="Default test" duration-ms="38858" started-at="2019-03-20T17:33:09Z" finished-at="2019-03-20T17:33:48Z">
      <class name="Maven.Maven1.MyFirstProgram">
        <test-method status="PASS" signature="TestMethod()[pri:0, instance:Maven.Maven1.MyFirstProgram@50c87b21]" name="TestMethod" duration-ms="38794" started-at="2019-03-20T23:03:09Z" finished-at="2019-03-20T23:03:48Z">
          <reporter-output>
          </reporter-output>
        </test-method> <!-- TestMethod -->
      </class> <!-- Maven.Maven1.MyFirstProgram -->
    </test> <!-- Default test -->
  </suite> <!-- Default suite -->
</testng-results>
